-------------------------------------------------------------------------------
Test set: pl.soflab.AutomationTestExercise.RunnerTest
-------------------------------------------------------------------------------
Tests run: 21, Failures: 2, Errors: 4, Skipped: 4, Time elapsed: 74.846 sec <<< FAILURE!
Then I check if Total price with shipping is correct(Scenario: Check Item Price)  Time elapsed: 0.013 sec  <<< FAILURE!
java.lang.AssertionError: Sum of the product price + shipping is not correct.
	at org.junit.Assert.fail(Assert.java:88)
	at org.junit.Assert.assertTrue(Assert.java:41)
	at pl.soflab.PageObjects.ProductPage.checkIfTheTotalPriceIsCorrect(ProductPage.java:20)
	at stepDefinition.Steps.shouldCheckIfTheTotalPriceIsCorrect(Steps.java:143)
	at ✽.Then I check if Total price with shipping is correct(checkItemPriceFeature.feature:10)

Scenario: Check Item Price  Time elapsed: 0.014 sec  <<< FAILURE!
java.lang.AssertionError: Sum of the product price + shipping is not correct.
	at org.junit.Assert.fail(Assert.java:88)
	at org.junit.Assert.assertTrue(Assert.java:41)
	at pl.soflab.PageObjects.ProductPage.checkIfTheTotalPriceIsCorrect(ProductPage.java:20)
	at stepDefinition.Steps.shouldCheckIfTheTotalPriceIsCorrect(Steps.java:143)
	at ✽.Then I check if Total price with shipping is correct(checkItemPriceFeature.feature:10)

And I click signIn button(Scenario: Log in scenario)  Time elapsed: 0.003 sec  <<< ERROR!
org.openqa.selenium.NoSuchElementException: no such element: Unable to locate element: {"method":"xpath","selector":"//*[@id='center_column']/div[1]/ol/li"}
  (Session info: chrome=72.0.3626.121)
  (Driver info: chromedriver=2.38.552518 (183d19265345f54ce39cbb94cf81ba5f15905011),platform=Mac OS X 10.14.3 x86_64) (WARNING: The server did not provide any stacktrace information)
Command duration or timeout: 0 milliseconds
For documentation on this error, please visit: http://seleniumhq.org/exceptions/no_such_element.html
Build info: version: '3.14.0', revision: 'aacccce0', time: '2018-08-02T20:19:58.91Z'
System info: host: 'MacBook-Air.local', ip: 'fe80:0:0:0:185f:b45f:88c1:60da%en0', os.name: 'Mac OS X', os.arch: 'x86_64', os.version: '10.14.3', java.version: '1.8.0_144'
Driver info: org.openqa.selenium.chrome.ChromeDriver
Capabilities {acceptInsecureCerts: false, acceptSslCerts: false, applicationCacheEnabled: false, browserConnectionEnabled: false, browserName: chrome, chrome: {chromedriverVersion: 2.38.552518 (183d19265345f5..., userDataDir: /var/folders/q3/_jhztgtj717...}, cssSelectorsEnabled: true, databaseEnabled: false, handlesAlerts: true, hasTouchScreen: false, javascriptEnabled: true, locationContextEnabled: true, mobileEmulationEnabled: false, nativeEvents: true, networkConnectionEnabled: false, pageLoadStrategy: normal, platform: MAC, platformName: MAC, rotatable: false, setWindowRect: true, takesHeapSnapshot: true, takesScreenshot: true, unexpectedAlertBehaviour: , unhandledPromptBehavior: , version: 72.0.3626.121, webStorageEnabled: true}
Session ID: 0bb69879e3463c73aa5cead169135562
*** Element info: {Using=xpath, value=//*[@id='center_column']/div[1]/ol/li}
	at sun.reflect.NativeConstructorAccessorImpl.newInstance0(Native Method)
	at sun.reflect.NativeConstructorAccessorImpl.newInstance(NativeConstructorAccessorImpl.java:62)
	at sun.reflect.DelegatingConstructorAccessorImpl.newInstance(DelegatingConstructorAccessorImpl.java:45)
	at java.lang.reflect.Constructor.newInstance(Constructor.java:423)
	at org.openqa.selenium.remote.ErrorHandler.createThrowable(ErrorHandler.java:214)
	at org.openqa.selenium.remote.ErrorHandler.throwIfResponseFailed(ErrorHandler.java:166)
	at org.openqa.selenium.remote.http.JsonHttpResponseCodec.reconstructValue(JsonHttpResponseCodec.java:40)
	at org.openqa.selenium.remote.http.AbstractHttpResponseCodec.decode(AbstractHttpResponseCodec.java:80)
	at org.openqa.selenium.remote.http.AbstractHttpResponseCodec.decode(AbstractHttpResponseCodec.java:44)
	at org.openqa.selenium.remote.HttpCommandExecutor.execute(HttpCommandExecutor.java:158)
	at org.openqa.selenium.remote.service.DriverCommandExecutor.execute(DriverCommandExecutor.java:83)
	at org.openqa.selenium.remote.RemoteWebDriver.execute(RemoteWebDriver.java:548)
	at org.openqa.selenium.remote.RemoteWebDriver.findElement(RemoteWebDriver.java:322)
	at org.openqa.selenium.remote.RemoteWebDriver.findElementByXPath(RemoteWebDriver.java:424)
	at org.openqa.selenium.By$ByXPath.findElement(By.java:353)
	at org.openqa.selenium.remote.RemoteWebDriver.findElement(RemoteWebDriver.java:314)
	at pl.soflab.PageObjects.LogInPage.clickSignInButton(LogInPage.java:61)
	at stepDefinition.Steps.shouldClickSignInButton(Steps.java:110)
	at ✽.And I click signIn button(logInFeature.feature:12)

Scenario: Log in scenario  Time elapsed: 0.005 sec  <<< ERROR!
org.openqa.selenium.NoSuchElementException: no such element: Unable to locate element: {"method":"xpath","selector":"//*[@id='center_column']/div[1]/ol/li"}
  (Session info: chrome=72.0.3626.121)
  (Driver info: chromedriver=2.38.552518 (183d19265345f54ce39cbb94cf81ba5f15905011),platform=Mac OS X 10.14.3 x86_64) (WARNING: The server did not provide any stacktrace information)
Command duration or timeout: 0 milliseconds
For documentation on this error, please visit: http://seleniumhq.org/exceptions/no_such_element.html
Build info: version: '3.14.0', revision: 'aacccce0', time: '2018-08-02T20:19:58.91Z'
System info: host: 'MacBook-Air.local', ip: 'fe80:0:0:0:185f:b45f:88c1:60da%en0', os.name: 'Mac OS X', os.arch: 'x86_64', os.version: '10.14.3', java.version: '1.8.0_144'
Driver info: org.openqa.selenium.chrome.ChromeDriver
Capabilities {acceptInsecureCerts: false, acceptSslCerts: false, applicationCacheEnabled: false, browserConnectionEnabled: false, browserName: chrome, chrome: {chromedriverVersion: 2.38.552518 (183d19265345f5..., userDataDir: /var/folders/q3/_jhztgtj717...}, cssSelectorsEnabled: true, databaseEnabled: false, handlesAlerts: true, hasTouchScreen: false, javascriptEnabled: true, locationContextEnabled: true, mobileEmulationEnabled: false, nativeEvents: true, networkConnectionEnabled: false, pageLoadStrategy: normal, platform: MAC, platformName: MAC, rotatable: false, setWindowRect: true, takesHeapSnapshot: true, takesScreenshot: true, unexpectedAlertBehaviour: , unhandledPromptBehavior: , version: 72.0.3626.121, webStorageEnabled: true}
Session ID: 0bb69879e3463c73aa5cead169135562
*** Element info: {Using=xpath, value=//*[@id='center_column']/div[1]/ol/li}
	at sun.reflect.NativeConstructorAccessorImpl.newInstance0(Native Method)
	at sun.reflect.NativeConstructorAccessorImpl.newInstance(NativeConstructorAccessorImpl.java:62)
	at sun.reflect.DelegatingConstructorAccessorImpl.newInstance(DelegatingConstructorAccessorImpl.java:45)
	at java.lang.reflect.Constructor.newInstance(Constructor.java:423)
	at org.openqa.selenium.remote.ErrorHandler.createThrowable(ErrorHandler.java:214)
	at org.openqa.selenium.remote.ErrorHandler.throwIfResponseFailed(ErrorHandler.java:166)
	at org.openqa.selenium.remote.http.JsonHttpResponseCodec.reconstructValue(JsonHttpResponseCodec.java:40)
	at org.openqa.selenium.remote.http.AbstractHttpResponseCodec.decode(AbstractHttpResponseCodec.java:80)
	at org.openqa.selenium.remote.http.AbstractHttpResponseCodec.decode(AbstractHttpResponseCodec.java:44)
	at org.openqa.selenium.remote.HttpCommandExecutor.execute(HttpCommandExecutor.java:158)
	at org.openqa.selenium.remote.service.DriverCommandExecutor.execute(DriverCommandExecutor.java:83)
	at org.openqa.selenium.remote.RemoteWebDriver.execute(RemoteWebDriver.java:548)
	at org.openqa.selenium.remote.RemoteWebDriver.findElement(RemoteWebDriver.java:322)
	at org.openqa.selenium.remote.RemoteWebDriver.findElementByXPath(RemoteWebDriver.java:424)
	at org.openqa.selenium.By$ByXPath.findElement(By.java:353)
	at org.openqa.selenium.remote.RemoteWebDriver.findElement(RemoteWebDriver.java:314)
	at pl.soflab.PageObjects.LogInPage.clickSignInButton(LogInPage.java:61)
	at stepDefinition.Steps.shouldClickSignInButton(Steps.java:110)
	at ✽.And I click signIn button(logInFeature.feature:12)

And I submit the form with valid data(Scenario: Sign in scenario)  Time elapsed: 0 sec  <<< ERROR!
java.lang.NullPointerException
	at pl.soflab.PageObjects.CreateAnAccountPage.fillInCreateAccountForm(CreateAnAccountPage.java:59)
	at stepDefinition.Steps.shouldSubmitTheFormWithValidData(Steps.java:85)
	at ✽.And I submit the form with valid data(signInFeature.feature:12)

Scenario: Sign in scenario  Time elapsed: 0 sec  <<< ERROR!
java.lang.NullPointerException
	at pl.soflab.PageObjects.CreateAnAccountPage.fillInCreateAccountForm(CreateAnAccountPage.java:59)
	at stepDefinition.Steps.shouldSubmitTheFormWithValidData(Steps.java:85)
	at ✽.And I submit the form with valid data(signInFeature.feature:12)

